[31/5/2023 16:17:27] Servidor Express funcionando en http://0.0.0.0:3000
[31/5/2023 16:17:29] La conexión a MongoDB fue exitosa.
[31/5/2023 16:17:39] El usuario javier@gmail.com ha iniciado sesión.
[31/5/2023 16:18:50] Servidor Express funcionando en http://0.0.0.0:3000
[31/5/2023 16:18:51] La conexión a MongoDB fue exitosa.
[31/5/2023 16:18:54] El usuario javier@gmail.com ha iniciado sesión.
[31/5/2023 16:31:18] Servidor Express funcionando en http://0.0.0.0:3000
[31/5/2023 16:31:20] La conexión a MongoDB fue exitosa.
[31/5/2023 16:31:22] El usuario javier@gmail.com ha iniciado sesión.
[31/5/2023 16:33:17] Servidor Express funcionando en http://0.0.0.0:3000
[31/5/2023 16:33:19] La conexión a MongoDB fue exitosa.
[31/5/2023 16:33:21] El usuario javier@gmail.com ha iniciado sesión.
[31/5/2023 16:33:21] ReferenceError: photo is not defined
    at C:\Users\Javier\Documents\Proyectos\ChatApp\src\routes\getUser.js:23:21
    at process.processTicksAndRejections (node:internal/process/task_queues:95:5)
[31/5/2023 16:33:32] Servidor Express funcionando en http://0.0.0.0:3000
[31/5/2023 16:33:33] La conexión a MongoDB fue exitosa.
[31/5/2023 16:33:36] El usuario javier@gmail.com ha iniciado sesión.
[31/5/2023 16:33:36] ../Files/sin-foto.png
[31/5/2023 16:34:40] Servidor Express funcionando en http://0.0.0.0:3000
[31/5/2023 16:34:42] La conexión a MongoDB fue exitosa.
[31/5/2023 16:34:44] El usuario javier@gmail.com ha iniciado sesión.
[31/5/2023 16:34:44] Images/1684906419380-529432.png
[31/5/2023 16:34:44] ../Files/sin-foto.png
[31/5/2023 16:35:13] Images/1684914045552-377850.webp
[31/5/2023 16:35:13] ../Files/sin-foto.png
[31/5/2023 16:35:15] Nuevo canal creado : 2
[31/5/2023 16:36:36] Images/1684906419380-529432.png
[31/5/2023 16:36:36] ../Files/sin-foto.png
[31/5/2023 16:36:56] Images/1684914045552-377850.webp
[31/5/2023 16:36:56] ../Files/sin-foto.png
[31/5/2023 16:37:2] Nuevo canal creado : Canal de pruebas
[31/5/2023 16:37:47] Javier1
[31/5/2023 16:37:47] PASSWORD: 
[31/5/2023 16:37:47] PASSWORDCONFIMATION: 
[31/5/2023 16:37:47] Se ha actualizado el usuario con el email javier@gmail.com
[31/5/2023 16:37:51] Images/1685569067299-100807.png
[31/5/2023 16:37:51] ../Files/sin-foto.png
[31/5/2023 16:40:37] Servidor Express funcionando en http://0.0.0.0:3000
[31/5/2023 16:40:38] La conexión a MongoDB fue exitosa.
[31/5/2023 16:40:45] Servidor Express funcionando en http://0.0.0.0:3000
[31/5/2023 16:40:46] La conexión a MongoDB fue exitosa.
[31/5/2023 16:40:53] Servidor Express funcionando en http://0.0.0.0:3000
[31/5/2023 16:40:55] La conexión a MongoDB fue exitosa.
[31/5/2023 16:40:57] El usuario javier@gmail.com ha iniciado sesión.
[31/5/2023 16:40:58] Images/1685569067299-100807.png
[31/5/2023 16:40:58] ../Files/sin-foto.png
[31/5/2023 16:41:2] Servidor Express funcionando en http://0.0.0.0:3000
[31/5/2023 16:41:3] La conexión a MongoDB fue exitosa.
[31/5/2023 16:41:4] El usuario javier@gmail.com ha iniciado sesión.
[31/5/2023 16:41:4] Images/1685569067299-100807.png
[31/5/2023 16:41:4] ../Files/sin-foto.png
[31/5/2023 16:41:34] Servidor Express funcionando en http://0.0.0.0:3000
[31/5/2023 16:41:36] La conexión a MongoDB fue exitosa.
[31/5/2023 16:41:38] El usuario javier@gmail.com ha iniciado sesión.
[31/5/2023 16:41:38] C:\Users\Javier\Documents\Proyectos\ChatApp\src\routes\Images\1685569067299-100807.png
[31/5/2023 16:43:10] Servidor Express funcionando en http://0.0.0.0:3000
[31/5/2023 16:43:12] La conexión a MongoDB fue exitosa.
[31/5/2023 16:43:13] El usuario javier@gmail.com ha iniciado sesión.
[31/5/2023 16:43:13] C:\Users\Javier\Documents\Proyectos\ChatApp\src\Images\Images\1685569067299-100807.png
[31/5/2023 16:43:28] Servidor Express funcionando en http://0.0.0.0:3000
[31/5/2023 16:43:29] La conexión a MongoDB fue exitosa.
[31/5/2023 16:43:35] El usuario javier@gmail.com ha iniciado sesión.
[31/5/2023 16:43:36] C:\Users\Javier\Documents\Proyectos\ChatApp\src\Images\Images\1685569067299-100807.png
[31/5/2023 16:44:9] Servidor Express funcionando en http://0.0.0.0:3000
[31/5/2023 16:44:10] La conexión a MongoDB fue exitosa.
[31/5/2023 16:44:11] El usuario javier@gmail.com ha iniciado sesión.
[31/5/2023 16:44:11] C:\Users\Javier\Documents\Proyectos\ChatApp\src\routes\Images\1685569067299-100807.png
[31/5/2023 16:44:22] Servidor Express funcionando en http://0.0.0.0:3000
[31/5/2023 16:44:23] La conexión a MongoDB fue exitosa.
[31/5/2023 16:44:25] El usuario javier@gmail.com ha iniciado sesión.
[31/5/2023 16:44:25] C:\Users\Javier\Documents\Proyectos\ChatApp\src\routes\Images\1685569067299-100807.png
[31/5/2023 16:44:43] Servidor Express funcionando en http://0.0.0.0:3000
[31/5/2023 16:44:44] La conexión a MongoDB fue exitosa.
[31/5/2023 16:44:45] El usuario javier@gmail.com ha iniciado sesión.
[31/5/2023 16:44:45] C:\Users\Javier\Documents\Proyectos\ChatApp\src\routes\Images\1685569067299-100807.png
[31/5/2023 16:44:54] Servidor Express funcionando en http://0.0.0.0:3000
[31/5/2023 16:44:55] La conexión a MongoDB fue exitosa.
[31/5/2023 16:44:56] El usuario javier@gmail.com ha iniciado sesión.
[31/5/2023 16:44:57] C:\Users\Javier\Documents\Proyectos\ChatApp\src\Images\1685569067299-100807.png
[31/5/2023 16:44:57] Error: ENOENT: no such file or directory, open 'Images/1685569067299-100807.png'
    at Object.openSync (node:fs:601:3)
    at Object.readFileSync (node:fs:469:35)
    at C:\Users\Javier\Documents\Proyectos\ChatApp\src\routes\getUser.js:19:26
    at process.processTicksAndRejections (node:internal/process/task_queues:95:5)
[31/5/2023 16:46:27] Servidor Express funcionando en http://0.0.0.0:3000
[31/5/2023 16:46:28] La conexión a MongoDB fue exitosa.
[31/5/2023 16:46:31] El usuario javier@gmail.com ha iniciado sesión.
[31/5/2023 16:46:31] C:\Users\Javier\Documents\Proyectos\ChatApp\src\Images\1685569067299-100807.png
[31/5/2023 16:46:31] Error: ENOENT: no such file or directory, open 'Images/1685569067299-100807.png'
    at Object.openSync (node:fs:601:3)
    at Object.readFileSync (node:fs:469:35)
    at C:\Users\Javier\Documents\Proyectos\ChatApp\src\routes\getUser.js:19:26
    at process.processTicksAndRejections (node:internal/process/task_queues:95:5)
[31/5/2023 16:47:52] Servidor Express funcionando en http://0.0.0.0:3000
[31/5/2023 16:47:53] La conexión a MongoDB fue exitosa.
[31/5/2023 16:48:2] Servidor Express funcionando en http://0.0.0.0:3000
[31/5/2023 16:48:3] La conexión a MongoDB fue exitosa.
[31/5/2023 16:48:5] El usuario javier@gmail.com ha iniciado sesión.
[31/5/2023 16:48:5] ../Images/1685569067299-100807.png
[31/5/2023 16:48:36] Servidor Express funcionando en http://0.0.0.0:3000
[31/5/2023 16:48:37] La conexión a MongoDB fue exitosa.
[31/5/2023 16:48:40] El usuario javier@gmail.com ha iniciado sesión.
[31/5/2023 16:48:40] C:\Users\Javier\Documents\Proyectos\ChatApp\src\Images\1685569067299-100807.png
[31/5/2023 16:48:40] Error: ENOENT: no such file or directory, open 'Images/1685569067299-100807.png'
    at Object.openSync (node:fs:601:3)
    at Object.readFileSync (node:fs:469:35)
    at C:\Users\Javier\Documents\Proyectos\ChatApp\src\routes\getUser.js:19:26
    at process.processTicksAndRejections (node:internal/process/task_queues:95:5)
[31/5/2023 16:49:21] Servidor Express funcionando en http://0.0.0.0:3000
[31/5/2023 16:49:23] La conexión a MongoDB fue exitosa.
[31/5/2023 16:49:28] El usuario javier@gmail.com ha iniciado sesión.
[31/5/2023 16:49:28] C:\Users\Javier\Documents\Proyectos\ChatApp\src\Images\1685569067299-100807.png
[31/5/2023 16:49:28] Error: ENOENT: no such file or directory, open 'Images/1685569067299-100807.png'
    at Object.openSync (node:fs:601:3)
    at Object.readFileSync (node:fs:469:35)
    at C:\Users\Javier\Documents\Proyectos\ChatApp\src\routes\getUser.js:19:26
    at process.processTicksAndRejections (node:internal/process/task_queues:95:5)
[31/5/2023 16:52:22] Servidor Express funcionando en http://0.0.0.0:3000
[31/5/2023 16:52:24] La conexión a MongoDB fue exitosa.
[31/5/2023 16:52:28] El usuario javier@gmail.com ha iniciado sesión.
[31/5/2023 16:52:28] C:\Users\Javier\Documents\Proyectos\ChatApp\src\Images\1685569067299-100807.png
[31/5/2023 16:52:28] Error: ENOENT: no such file or directory, open 'Images/1685569067299-100807.png'
    at Object.openSync (node:fs:601:3)
    at Object.readFileSync (node:fs:469:35)
    at C:\Users\Javier\Documents\Proyectos\ChatApp\src\routes\getUser.js:19:26
    at process.processTicksAndRejections (node:internal/process/task_queues:95:5)
[31/5/2023 16:53:6] Servidor Express funcionando en http://0.0.0.0:3000
[31/5/2023 16:53:7] La conexión a MongoDB fue exitosa.
[31/5/2023 16:53:8] El usuario javier@gmail.com ha iniciado sesión.
[31/5/2023 16:53:8] C:\Users\Javier\Documents\Proyectos\ChatApp\src\Images\1685569067299-100807.png
[31/5/2023 16:53:33] Servidor Express funcionando en http://0.0.0.0:3000
[31/5/2023 16:53:35] La conexión a MongoDB fue exitosa.
[31/5/2023 16:55:6] Servidor Express funcionando en http://0.0.0.0:3000
[31/5/2023 16:55:8] La conexión a MongoDB fue exitosa.
[31/5/2023 16:55:12] El usuario javier@gmail.com ha iniciado sesión.
[31/5/2023 16:55:13] ReferenceError: path is not defined
    at parseChannelsData (C:\Users\Javier\Documents\Proyectos\ChatApp\src\functions.js:43:21)
    at process.processTicksAndRejections (node:internal/process/task_queues:95:5)
    at async Namespace.<anonymous> (C:\Users\Javier\Documents\Proyectos\ChatApp\src\index.js:69:26)
[31/5/2023 16:57:7] Servidor Express funcionando en http://0.0.0.0:3000
[31/5/2023 16:57:9] La conexión a MongoDB fue exitosa.
[31/5/2023 16:57:13] El usuario javier@gmail.com ha iniciado sesión.
[31/5/2023 16:57:13] C:\Users\Javier\Documents\Proyectos\ChatApp\src/../Images/1685569022245-972273.png
[31/5/2023 16:57:28] Servidor Express funcionando en http://0.0.0.0:3000
[31/5/2023 16:57:29] La conexión a MongoDB fue exitosa.
[31/5/2023 16:57:31] El usuario javier@gmail.com ha iniciado sesión.
[31/5/2023 16:57:31] C:\Users\Javier\Documents\Proyectos\ChatApp\srcImages/1685569022245-972273.png
[31/5/2023 16:57:37] Servidor Express funcionando en http://0.0.0.0:3000
[31/5/2023 16:57:38] La conexión a MongoDB fue exitosa.
[31/5/2023 16:57:39] El usuario javier@gmail.com ha iniciado sesión.
[31/5/2023 16:57:40] C:\Users\Javier\Documents\Proyectos\ChatApp\src/Images/1685569022245-972273.png
[31/5/2023 16:58:36] Servidor Express funcionando en http://0.0.0.0:3000
[31/5/2023 16:58:38] La conexión a MongoDB fue exitosa.
[31/5/2023 16:58:40] El usuario javier@gmail.com ha iniciado sesión.
[31/5/2023 16:58:40] C:\Users\Javier\Documents\Proyectos\ChatApp\src/Images/1685569022245-972273.png
[31/5/2023 16:58:44] Javier1 > 1
[31/5/2023 16:58:45] Javier1 > 2
[31/5/2023 16:58:46] Javier1 > 3
[31/5/2023 16:58:47] Javier1 > 4
[31/5/2023 16:58:48] Javier1 > 5
[31/5/2023 16:58:50] Javier1 > 6
[31/5/2023 16:58:51] Javier1 > 7
[31/5/2023 16:58:52] Javier1 > 8
[31/5/2023 16:58:52] Javier1 > 9
[31/5/2023 16:58:56] C:\Users\Javier\Documents\Proyectos\ChatApp\src/Images/1685569022245-972273.png
[31/5/2023 16:59:15] Javier
[31/5/2023 16:59:15] PASSWORD: 
[31/5/2023 16:59:15] PASSWORDCONFIMATION: 
[31/5/2023 16:59:15] Se ha actualizado el usuario con el email javier@gmail.com
[31/5/2023 16:59:19] C:\Users\Javier\Documents\Proyectos\ChatApp\src/Images/1685569022245-972273.png
[31/5/2023 16:59:46] Servidor Express funcionando en http://0.0.0.0:3000
[31/5/2023 16:59:47] La conexión a MongoDB fue exitosa.
[31/5/2023 17:0:21] El usuario javier@gmail.com ha iniciado sesión.
[31/5/2023 17:0:24] Javier > 1
[31/5/2023 17:0:25] Javier > 2
[31/5/2023 17:0:26] Javier > 3
[31/5/2023 17:0:27] Javier > 4
[31/5/2023 17:0:27] Javier > 5
[31/5/2023 17:0:28] Javier > 6
[31/5/2023 17:0:29] Javier > 7
[31/5/2023 17:0:29] Javier > 8
[31/5/2023 17:0:33] Javier > 9
[31/5/2023 17:0:35] Javier > 10
[31/5/2023 17:0:41] Javier > 11
[31/5/2023 17:0:42] Javier > 12
[31/5/2023 17:0:42] Javier > 13
[31/5/2023 17:0:43] Javier > 14
[31/5/2023 17:0:43] Javier > 15
[31/5/2023 17:0:44] Javier > 16
[31/5/2023 17:0:46] Javier > 17
[31/5/2023 17:0:47] Javier > 18
[31/5/2023 17:0:47] Javier > 19
[31/5/2023 17:0:48] Javier > 20
[31/5/2023 17:0:49] Javier > 21
[31/5/2023 17:0:50] Javier > 22
[31/5/2023 17:0:51] Javier > 23
[31/5/2023 17:0:52] Javier > 24
[31/5/2023 17:0:52] Javier > 25
[31/5/2023 17:0:53] Javier > 26
[31/5/2023 17:0:54] Javier > 27
[31/5/2023 17:0:55] Javier > 28
[31/5/2023 17:0:56] Javier > 29
[31/5/2023 17:0:56] Javier > 30
[31/5/2023 17:1:27] Javier > aa
[31/5/2023 17:21:46] Servidor Express funcionando en http://0.0.0.0:3000
[31/5/2023 17:21:48] La conexión a MongoDB fue exitosa.
[31/5/2023 17:23:45] Servidor Express funcionando en http://0.0.0.0:3000
[31/5/2023 17:23:46] La conexión a MongoDB fue exitosa.
[31/5/2023 17:32:47] Servidor Express funcionando en http://0.0.0.0:3000
[31/5/2023 17:32:48] La conexión a MongoDB fue exitosa.
[31/5/2023 17:32:52] El usuario javier@gmail.com ha iniciado sesión.
[31/5/2023 17:32:58] Javier
[31/5/2023 17:32:58] PASSWORD: 
[31/5/2023 17:32:58] PASSWORDCONFIMATION: 
[31/5/2023 17:33:14] Javier
[31/5/2023 17:33:14] PASSWORD: 
[31/5/2023 17:33:14] PASSWORDCONFIMATION: 
[31/5/2023 17:35:1] Javier
[31/5/2023 17:35:1] PASSWORD: 
[31/5/2023 17:35:1] PASSWORDCONFIMATION: 
[31/5/2023 17:35:10] Javier23
[31/5/2023 17:35:10] PASSWORD: 
[31/5/2023 17:35:10] PASSWORDCONFIMATION: 
[31/5/2023 17:36:9] Servidor Express funcionando en http://0.0.0.0:3000
[31/5/2023 17:36:10] La conexión a MongoDB fue exitosa.
[31/5/2023 17:36:13] El usuario javier@gmail.com ha iniciado sesión.
[31/5/2023 17:36:19] Javier
[31/5/2023 17:36:19] PASSWORD: 
[31/5/2023 17:36:19] PASSWORDCONFIMATION: 
[31/5/2023 17:36:42] Servidor Express funcionando en http://0.0.0.0:3000
[31/5/2023 17:36:43] La conexión a MongoDB fue exitosa.
[31/5/2023 17:36:46] El usuario javier@gmail.com ha iniciado sesión.
[31/5/2023 17:36:50] Javier
[31/5/2023 17:36:50] PASSWORD: 
[31/5/2023 17:36:50] PASSWORDCONFIMATION: 
[31/5/2023 17:37:2] Servidor Express funcionando en http://0.0.0.0:3000
[31/5/2023 17:37:3] La conexión a MongoDB fue exitosa.
[31/5/2023 17:37:5] El usuario javier@gmail.com ha iniciado sesión.
[31/5/2023 17:37:11] Javier
[31/5/2023 17:37:11] PASSWORD: 
[31/5/2023 17:37:11] PASSWORDCONFIMATION: 
[31/5/2023 17:37:20] Javier
[31/5/2023 17:37:20] PASSWORD: 
[31/5/2023 17:37:20] PASSWORDCONFIMATION: 
[31/5/2023 17:37:36] Javier
[31/5/2023 17:37:36] PASSWORD: 
[31/5/2023 17:37:36] PASSWORDCONFIMATION: 
[31/5/2023 17:37:58] Servidor Express funcionando en http://0.0.0.0:3000
[31/5/2023 17:37:59] La conexión a MongoDB fue exitosa.
[31/5/2023 17:38:4] El usuario javier@gmail.com ha iniciado sesión.
[31/5/2023 17:38:11] Javier
[31/5/2023 17:38:11] PASSWORD: 
[31/5/2023 17:38:11] PASSWORDCONFIMATION: 
[31/5/2023 17:38:26] Javier
[31/5/2023 17:38:26] PASSWORD: 
[31/5/2023 17:38:26] PASSWORDCONFIMATION: 
[31/5/2023 17:38:34] Servidor Express funcionando en http://0.0.0.0:3000
[31/5/2023 17:38:37] La conexión a MongoDB fue exitosa.
[31/5/2023 17:39:17] Servidor Express funcionando en http://0.0.0.0:3000
[31/5/2023 17:39:18] La conexión a MongoDB fue exitosa.
[31/5/2023 17:39:18] El usuario javier@gmail.com ha iniciado sesión.
[31/5/2023 17:39:22] [object Object]
[31/5/2023 17:39:35] Servidor Express funcionando en http://0.0.0.0:3000
[31/5/2023 17:39:36] La conexión a MongoDB fue exitosa.
[31/5/2023 17:39:39] Servidor Express funcionando en http://0.0.0.0:3000
[31/5/2023 17:39:40] La conexión a MongoDB fue exitosa.
[31/5/2023 17:39:42] El usuario javier@gmail.com ha iniciado sesión.
[31/5/2023 17:39:46] {
  "nickname": "Javier",
  "email": "javier@gmail.com",
  "password": "1",
  "passwordConfirmation": "2"
}
[31/5/2023 17:40:53] Servidor Express funcionando en http://0.0.0.0:3000
[31/5/2023 17:40:54] La conexión a MongoDB fue exitosa.
[31/5/2023 17:41:3] Servidor Express funcionando en http://0.0.0.0:3000
[31/5/2023 17:41:4] La conexión a MongoDB fue exitosa.
[31/5/2023 17:41:5] El usuario javier@gmail.com ha iniciado sesión.
[31/5/2023 17:41:10] {
  "nickname": "Javier",
  "email": "javier@gmail.com",
  "password": "1",
  "passwordConfirmation": "2"
}
[31/5/2023 17:41:10] PASSWORD: 
[31/5/2023 17:41:10] PASSWORDCONFIMATION: 
[31/5/2023 17:46:8] Servidor Express funcionando en http://0.0.0.0:3000
[31/5/2023 17:46:10] La conexión a MongoDB fue exitosa.
[31/5/2023 17:46:12] El usuario javier@gmail.com ha iniciado sesión.
[31/5/2023 17:46:17] {
  "nickname": "Javier",
  "email": "javier@gmail.com",
  "password": "1",
  "passwordConfirmation": "2"
}
[31/5/2023 17:46:17] PASSWORD: 
[31/5/2023 17:46:17] PASSWORDCONFIMATION: 
[31/5/2023 17:46:17] NICKNAME: 
[31/5/2023 17:46:26] {
  "nickname": "Javier",
  "email": "javier@gmail.com"
}
[31/5/2023 17:46:26] PASSWORD: 
[31/5/2023 17:46:26] PASSWORDCONFIMATION: 
[31/5/2023 17:46:26] NICKNAME: 
[31/5/2023 17:46:26] Se ha actualizado el usuario con el email javier@gmail.com
[31/5/2023 17:46:53] {
  "nickname": "Javier",
  "email": "javier@gmail.com"
}
[31/5/2023 17:46:53] PASSWORD: 
[31/5/2023 17:46:53] PASSWORDCONFIMATION: 
[31/5/2023 17:46:53] NICKNAME: 
[31/5/2023 17:46:53] Se ha actualizado el usuario con el email javier@gmail.com
[31/5/2023 17:48:45] {
  "nickname": "Javier1",
  "email": "javier@gmail.com"
}
[31/5/2023 17:48:45] PASSWORD: 
[31/5/2023 17:48:45] PASSWORDCONFIMATION: 
[31/5/2023 17:48:45] NICKNAME: 
[31/5/2023 17:48:45] Se ha actualizado el usuario con el email javier@gmail.com
[31/5/2023 17:49:4] Servidor Express funcionando en http://0.0.0.0:3000
[31/5/2023 17:49:6] La conexión a MongoDB fue exitosa.
[31/5/2023 17:49:8] El usuario javier@gmail.com ha iniciado sesión.
[31/5/2023 17:49:12] {
  "nickname": "Javier1",
  "email": "javier@gmail.com",
  "password": "1"
}
[31/5/2023 17:49:21] {
  "nickname": "Javier1",
  "email": "javier@gmail.com",
  "password": "123456789",
  "passwordConfirmation": "123456789"
}
[31/5/2023 17:49:22] Se ha actualizado el usuario con el email javier@gmail.com
[31/5/2023 17:49:26] El usuario javier@gmail.com ha cerrado sesión
[31/5/2023 17:49:27] El usuario javier@gmail.com ha iniciado sesión.
[31/5/2023 18:29:53] Servidor Express funcionando en http://0.0.0.0:3000
[31/5/2023 18:29:54] La conexión a MongoDB fue exitosa.
[31/5/2023 18:31:27] Servidor Express funcionando en http://0.0.0.0:3000
[31/5/2023 18:31:29] La conexión a MongoDB fue exitosa.
[31/5/2023 18:31:37] El usuario javier@gmail.com ha iniciado sesión.
[31/5/2023 18:31:43] {
  "nickname": "Javier1",
  "email": "javier@gmail.com",
  "password": "1"
}
[31/5/2023 18:31:49] {
  "nickname": "Javier1",
  "email": "javier@gmail.com",
  "password": "12345678",
  "passwordConfirmation": "12345678"
}
[31/5/2023 18:31:49] ReferenceError: hashedPassword is not defined
[31/5/2023 18:34:23] Servidor Express funcionando en http://0.0.0.0:3000
[31/5/2023 18:34:24] La conexión a MongoDB fue exitosa.
[31/5/2023 18:34:29] El usuario javier@gmail.com ha iniciado sesión.
[31/5/2023 18:34:34] {
  "nickname": "Javier1",
  "email": "javier@gmail.com",
  "password": "1"
}
[31/5/2023 18:34:34] {
  "nickname": "Javier1",
  "email": "javier@gmail.com",
  "password": "1"
}
[31/5/2023 18:34:40] {
  "nickname": "Javier1",
  "email": "javier@gmail.com",
  "password": "12345678",
  "passwordConfirmation": "12345678"
}
[31/5/2023 18:34:40] Se ha actualizado el usuario con el email javier@gmail.com
[31/5/2023 18:34:55] {
  "nickname": "Javier1",
  "email": "javier@gmail.com",
  "password": "123456789",
  "passwordConfirmation": "123456789"
}
[31/5/2023 18:34:55] Se ha actualizado el usuario con el email javier@gmail.com
[31/5/2023 18:34:57] El usuario javier@gmail.com ha cerrado sesión
[31/5/2023 18:34:58] El usuario javier@gmail.com ha iniciado sesión.
[31/5/2023 18:35:44] Servidor Express funcionando en http://0.0.0.0:3000
[31/5/2023 18:35:45] La conexión a MongoDB fue exitosa.
[31/5/2023 18:35:47] El usuario javier@gmail.com ha iniciado sesión.
[31/5/2023 18:36:2] {
  "nickname": "Javier1",
  "email": "javier@gmail.com",
  "password": "123456789",
  "passwordConfirmation": "123456789"
}
[31/5/2023 18:36:2] $2b$10$O1OcpLTFqnW8yUZeseBQbeGgRfFt0sUK23pQpJLcjSyGTmfTtluEi
[31/5/2023 18:36:2] {
  "nickname": "Javier1",
  "email": "javier@gmail.com",
  "password": "$2b$10$O1OcpLTFqnW8yUZeseBQbeGgRfFt0sUK23pQpJLcjSyGTmfTtluEi"
}
[31/5/2023 18:36:2] Se ha actualizado el usuario con el email javier@gmail.com
[31/5/2023 19:17:6] Servidor Express funcionando en http://0.0.0.0:3000
[31/5/2023 19:17:7] La conexión a MongoDB fue exitosa.
[31/5/2023 19:17:43] El usuario javier@gmail.com ha iniciado sesión.
[31/5/2023 19:17:54] {
  "nickname": "Javier1",
  "email": "javier@gmail.com",
  "password": "123456789",
  "passwordConfirmation": "123456789"
}
[31/5/2023 19:17:54] Se ha actualizado el usuario con el email javier@gmail.com
[31/5/2023 19:17:56] El usuario javier@gmail.com ha cerrado sesión
[31/5/2023 19:17:58] El usuario javier@gmail.com ha iniciado sesión.
[31/5/2023 19:18:41] Servidor Express funcionando en http://0.0.0.0:3000
[31/5/2023 19:18:42] La conexión a MongoDB fue exitosa.
[31/5/2023 19:18:45] El usuario javier@gmail.com ha iniciado sesión.
[31/5/2023 19:18:49] {
  "nickname": "Javier1",
  "email": "javier@gmail.com",
  "password": "123456789",
  "passwordConfirmation": "123456789"
}
[31/5/2023 19:18:49] Se ha actualizado el usuario con el email javier@gmail.com
[31/5/2023 19:18:52] El usuario javier@gmail.com ha cerrado sesión
[31/5/2023 19:19:2] El usuario javier@gmail.com ha iniciado sesión.
[31/5/2023 19:20:38] Servidor Express funcionando en http://0.0.0.0:3000
[31/5/2023 19:20:39] La conexión a MongoDB fue exitosa.
[31/5/2023 19:22:54] Error handler funcionando.
[31/5/2023 19:22:54] Servidor Express funcionando en http://0.0.0.0:3000
[31/5/2023 19:22:56] La conexión a MongoDB fue exitosa.
[31/5/2023 19:23:36] Error handler funcionando.
[31/5/2023 19:23:36] Servidor Express funcionando en http://0.0.0.0:3000
[31/5/2023 19:23:37] La conexión a MongoDB fue exitosa.
[31/5/2023 19:29:33] Error handler funcionando.
[31/5/2023 19:29:33] Servidor Express funcionando en http://0.0.0.0:3000
[31/5/2023 19:29:34] La conexión a MongoDB fue exitosa.
[31/5/2023 19:32:39] Error handler funcionando.
[31/5/2023 19:32:39] Servidor Express funcionando en http://0.0.0.0:3000
[31/5/2023 19:32:40] La conexión a MongoDB fue exitosa.
[31/5/2023 20:6:14] Error handler funcionando.
[31/5/2023 20:6:14] Servidor Express funcionando en http://0.0.0.0:3000
[31/5/2023 20:6:16] La conexión a MongoDB fue exitosa.
[31/5/2023 20:6:19] Error handler funcionando.
[31/5/2023 20:6:19] Servidor Express funcionando en http://0.0.0.0:3000
[31/5/2023 20:6:20] La conexión a MongoDB fue exitosa.
[31/5/2023 20:6:26] Error handler funcionando.
[31/5/2023 20:6:26] Servidor Express funcionando en http://0.0.0.0:3000
[31/5/2023 20:6:27] La conexión a MongoDB fue exitosa.
[31/5/2023 20:6:28] Error handler funcionando.
[31/5/2023 20:6:28] Servidor Express funcionando en http://0.0.0.0:3000
[31/5/2023 20:6:29] La conexión a MongoDB fue exitosa.
[31/5/2023 20:6:32] Error handler funcionando.
[31/5/2023 20:6:32] Servidor Express funcionando en http://0.0.0.0:30001
[31/5/2023 20:6:33] La conexión a MongoDB fue exitosa.
[31/5/2023 20:6:35] Error handler funcionando.
[31/5/2023 20:6:35] Servidor Express funcionando en http://0.0.0.0:3000
[31/5/2023 20:6:36] La conexión a MongoDB fue exitosa.
[31/5/2023 20:6:58] Error handler funcionando.
[31/5/2023 20:6:58] Servidor Express funcionando en http://0.0.0.0:3000
[31/5/2023 20:6:59] La conexión a MongoDB fue exitosa.
[31/5/2023 20:8:38] Error handler funcionando.
[31/5/2023 20:8:38] Servidor Express funcionando en http://0.0.0.0:3000
[31/5/2023 20:8:40] La conexión a MongoDB fue exitosa.
[31/5/2023 20:8:48] Error handler funcionando.
[31/5/2023 20:8:48] Servidor Express funcionando en http://0.0.0.0:3000
[31/5/2023 20:8:49] La conexión a MongoDB fue exitosa.
[31/5/2023 20:8:58] Error handler funcionando.
[31/5/2023 20:8:58] Servidor Express funcionando en http://0.0.0.0:3000
[31/5/2023 20:8:59] La conexión a MongoDB fue exitosa.
[31/5/2023 20:9:12] El usuario javier@gmail.com ha iniciado sesión.
[31/5/2023 20:10:42] Error handler funcionando.
[31/5/2023 20:10:42] Servidor Express funcionando en http://0.0.0.0:3000
[31/5/2023 20:10:44] La conexión a MongoDB fue exitosa.
[31/5/2023 20:11:17] Error handler funcionando.
[31/5/2023 20:11:17] Servidor Express funcionando en http://0.0.0.0:3000
[31/5/2023 20:11:18] La conexión a MongoDB fue exitosa.
[31/5/2023 20:11:37] El usuario javier@gmail.com ha iniciado sesión.
[31/5/2023 20:11:37] El usuario javier@gmail.com ha iniciado sesión.
[31/5/2023 20:11:52] Se ha actualizado el usuario con el email javier@gmail.com
[31/5/2023 20:11:57] El usuario javier@gmail.com ha cerrado sesión
[31/5/2023 20:11:59] El usuario javier@gmail.com ha iniciado sesión.
[31/5/2023 20:12:19] El usuario alex@gmail.com ha iniciado sesión.
[31/5/2023 20:12:22] Alex > 31
[31/5/2023 20:12:23] Alex > 32
[31/5/2023 20:12:24] Alex > 33
[31/5/2023 20:12:25] Alex > 34
[31/5/2023 20:12:26] Alex > 35
[31/5/2023 20:12:26] Alex > 36
[31/5/2023 20:12:28] Alex > 37
[31/5/2023 20:12:33] Alex > 38
[31/5/2023 20:12:34] Alex > 39
[31/5/2023 20:12:35] Alex > 40
[31/5/2023 20:12:35] Alex > 41
[31/5/2023 20:12:36] Alex > 42
[31/5/2023 20:12:37] Alex > 43
[31/5/2023 20:12:37] Alex > 44
[31/5/2023 20:12:38] Alex > 45
[31/5/2023 20:12:44] Alex > 46
[31/5/2023 20:12:57] Alex > 47
[31/5/2023 20:12:59] Alex > 48
[31/5/2023 20:13:0] Alex > 49
[31/5/2023 20:13:1] Alex > 50
[31/5/2023 20:13:1] Alex > 51
[31/5/2023 20:13:4] Javier > 52
[31/5/2023 20:13:4] Javier > 53
[31/5/2023 20:13:6] Javier > 54
[31/5/2023 20:13:7] Javier > 55
[31/5/2023 20:13:8] Alex > 56
[31/5/2023 20:13:10] Javier > 57
[31/5/2023 20:13:12] Javier > 58
[31/5/2023 20:13:13] Javier > 59
[31/5/2023 20:13:13] Javier > 60
[31/5/2023 20:13:15] Alex > 61
[31/5/2023 20:13:15] Alex > 62
[31/5/2023 20:13:16] Alex > 63
[31/5/2023 20:13:18] Javier > 64
[31/5/2023 20:13:20] Alex > 65
[31/5/2023 20:13:21] Alex > 66
[31/5/2023 20:13:22] Alex > 67
[31/5/2023 20:13:24] Javier > 68
[31/5/2023 20:13:26] Alex > 69
[31/5/2023 20:13:30] Javier > 70
[31/5/2023 20:13:59] Se ha actualizado el usuario con el email alex@gmail.com
[31/5/2023 20:22:24] Error handler funcionando.
[31/5/2023 20:22:24] Servidor Express funcionando en http://0.0.0.0:3000
[31/5/2023 20:22:26] La conexión a MongoDB fue exitosa.
